<?xml version="1.0" encoding="UTF-8"?>
<!-- Generated by org.testng.reporters.JUnitXMLReporter -->
<testsuite ignored="0" hostname="DESKTOP-OU6570N" failures="1" tests="6" name="Test" time="133.449" errors="0" timestamp="2021-12-19T18:02:10 IST">
  <testcase classname="com.qa.test.HomePageTest" name="verifyHomePageTiltetest" time="0.197"/>
  <testcase classname="com.qa.test.HomePageTest" name="verifyLoginLinkTest" time="7.511"/>
  <testcase classname="com.qa.test.HomePageTest" name="emailTextTest" time="0.18"/>
  <testcase classname="com.qa.test.HomePageTest" name="clickonResistationlinkHomepage" time="7.821"/>
  <testcase classname="com.qa.test.LoginPageTest" name="verifyTitlelogin" time="0.015"/>
  <testcase classname="com.qa.test.LoginPageTest" name="verifylogin" time="0.0">
    <failure type="org.testng.TestNGException" message="
Some DataProvider public java.lang.Object[][] com.qa.test.LoginPageTest.getExtentData(java.lang.String) parameters unresolved:  at 0 type class java.lang.String
">
      <![CDATA[org.testng.TestNGException: 
Some DataProvider public java.lang.Object[][] com.qa.test.LoginPageTest.getExtentData(java.lang.String) parameters unresolved:  at 0 type class java.lang.String

at java.base/java.util.ArrayList.forEach(ArrayList.java:1541)
... Removed 25 stack frames]]>
    </failure>
  </testcase> <!-- verifylogin -->
</testsuite> <!-- Test -->
